Start testing: May 04 12:50 UTC
----------------------------------------------------------
Unable to find executable: /home/pcsdocker/Data/ES_PCS_26/esercitazione_5/build/test_bubblesort
1/5 Testing: bubblesort
1/5 Test: bubblesort
Command: ""
Directory: /home/pcsdocker/Data/ES_PCS_26/esercitazione_5/build
"bubblesort" start time: 
Output:
----------------------------------------------------------
<end of output>
Test time =   0.00 sec
----------------------------------------------------------
Test Passed.
"bubblesort" end time: May 04 12:50 UTC
"bubblesort" time elapsed: 00:00:00
----------------------------------------------------------

Unable to find executable: /home/pcsdocker/Data/ES_PCS_26/esercitazione_5/build/test_insertionsort
2/5 Testing: insertionsort
2/5 Test: insertionsort
Command: ""
Directory: /home/pcsdocker/Data/ES_PCS_26/esercitazione_5/build
"insertionsort" start time: 
Output:
----------------------------------------------------------
<end of output>
Test time =   0.00 sec
----------------------------------------------------------
Test Passed.
"insertionsort" end time: May 04 12:50 UTC
"insertionsort" time elapsed: 00:00:00
----------------------------------------------------------

Unable to find executable: /home/pcsdocker/Data/ES_PCS_26/esercitazione_5/build/test_selectionsort
3/5 Testing: selectionsort
3/5 Test: selectionsort
Command: ""
Directory: /home/pcsdocker/Data/ES_PCS_26/esercitazione_5/build
"selectionsort" start time: 
Output:
----------------------------------------------------------
<end of output>
Test time =   0.00 sec
----------------------------------------------------------
Test Passed.
"selectionsort" end time: May 04 12:50 UTC
"selectionsort" time elapsed: 00:00:00
----------------------------------------------------------

4/5 Testing: quicksort
4/5 Test: quicksort
Command: "/home/pcsdocker/Data/ES_PCS_26/esercitazione_5/build/test_quicksort"
Directory: /home/pcsdocker/Data/ES_PCS_26/esercitazione_5/build
"quicksort" start time: May 04 12:50 UTC
Output:
----------------------------------------------------------
<end of output>
Test time =   0.01 sec
----------------------------------------------------------
Test Passed.
"quicksort" end time: May 04 12:50 UTC
"quicksort" time elapsed: 00:00:00
----------------------------------------------------------

5/5 Testing: mergesort
5/5 Test: mergesort
Command: "/home/pcsdocker/Data/ES_PCS_26/esercitazione_5/build/test_mergesort"
Directory: /home/pcsdocker/Data/ES_PCS_26/esercitazione_5/build
"mergesort" start time: May 04 12:50 UTC
Output:
----------------------------------------------------------
<end of output>
Test time =   0.01 sec
----------------------------------------------------------
Test Passed.
"mergesort" end time: May 04 12:50 UTC
"mergesort" time elapsed: 00:00:00
----------------------------------------------------------

End testing: May 04 12:50 UTC
